        -:    0:Source:unittest1.c
        -:    0:Graph:unittest1.gcno
        -:    0:Data:unittest1.gcda
        -:    0:Runs:1
        -:    0:Programs:1
        -:    1:#include "dominion.h"
        -:    2:#include "dominion_helpers.h"
        -:    3:#include <string.h>
        -:    4:#include <stdio.h>
        -:    5:#include <assert.h>
        -:    6:#include "rngs.h"
        -:    7:#include <stdlib.h>
        -:    8:#include <time.h>
        -:    9:
function main called 1 returned 100% blocks executed 75%
        1:   10:int main() {
        -:   11:
        1:   12:  srand(time(NULL));
call    0 returned 100%
call    1 returned 100%
        -:   13:
        -:   14:  const void* a;
        -:   15:  const void* b;
        -:   16:  int check;
        -:   17:  int correct;
        -:   18:  int i;
        -:   19:
       11:   20:for(i=0; i<10; i++) {
branch  0 taken 91%
branch  1 taken 9% (fallthrough)
        -:   21:  //*(int*)b=2;//rand() % 1000;
        -:   22:  //*(int*)a=1;//rand() % 1000;
        -:   23:
       10:   24:  check=compare(a, b);
call    0 returned 100%
        -:   25:
       10:   26:  if(a>b) {
branch  0 taken 100% (fallthrough)
branch  1 taken 0%
       10:   27:    correct=1;
        -:   28:  }
    #####:   29:  else if(a<b) {
branch  0 never executed
branch  1 never executed
    #####:   30:    correct=-1;
        -:   31:  }
        -:   32:  else {
    #####:   33:    correct=0;
        -:   34:  }
        -:   35:  //printf("expected value: %d, returned value: %d\n", correct, check);
       10:   36:  if(correct==check) {
branch  0 taken 100% (fallthrough)
branch  1 taken 0%
       10:   37:    printf("test successful!\n");
call    0 returned 100%
        -:   38:  }
        -:   39:  else {
    #####:   40:    printf("test failed\n");
call    0 never executed
        -:   41:  }
        -:   42:}
        1:   43:      return 0;
        -:   44:}
