        -:    0:Source:unittest4.c
        -:    0:Graph:unittest4.gcno
        -:    0:Data:unittest4.gcda
        -:    0:Runs:1
        -:    0:Programs:1
        -:    1:#include "dominion.h"
        -:    2:#include "dominion_helpers.h"
        -:    3:#include <string.h>
        -:    4:#include <stdio.h>
        -:    5:#include <assert.h>
        -:    6:#include "rngs.h"
        -:    7:#include <stdlib.h>
        -:    8:#include <time.h>
        -:    9:
        1:   10:int main() {
        -:   11:  int result;
        -:   12:  int card;
        -:   13:  int i;
        -:   14:  struct gameState *state;
        1:   15:  srand(time(NULL));
        -:   16:
       11:   17:for(i=0; i<10; i++) {
       10:   18:  card=rand() % 25;
        -:   19:
       10:   20:  result=supplyCount(card, state);
       10:   21:  printf("card: %d\n", result);
       10:   22:  if(result < 0) {
        3:   23:    printf("test failed\n");
        -:   24:  }
        -:   25:  else {
        7:   26:    printf("test successful\n");
        -:   27:  }
        -:   28:}
        -:   29:
        1:   30:  return 0;
        -:   31:}
