        -:    0:Source:unittest3.c
        -:    0:Graph:unittest3.gcno
        -:    0:Data:unittest3.gcda
        -:    0:Runs:1
        -:    0:Programs:1
        -:    1:#include "dominion.h"
        -:    2:#include "dominion_helpers.h"
        -:    3:#include <string.h>
        -:    4:#include <stdio.h>
        -:    5:#include <assert.h>
        -:    6:#include "rngs.h"
        -:    7:#include <stdlib.h>
        -:    8:#include <time.h>
        -:    9:
function main called 1 returned 100% blocks executed 92%
        1:   10:int main() {
        -:   11:  //char array[27][15]={"curse", "estate", "duchy", "province", "copper", "silver", "gold", "adventurer", "council_room", "feast", "gardens", "mine", "remodel", "smithy", "village", "baron", "great_hall", "minion", "steward", "tribute", "ambassador", "cutpurse", "embargo", "outpost", "salvager", "sea_hag", "treasure_map"};
        1:   12:  int costs[27]={0, 2, 5, 8, 0, 3, 6, 6, 5, 4, 4, 5, 4, 4, 3, 4, 3, 5, 3, 5, 3, 4, 2, 5, 4, 4, 4};
        -:   13:  int a;
        -:   14:  int i;
        -:   15:  int checkCost;
        1:   16:  srand(time(NULL));
call    0 returned 100%
call    1 returned 100%
        1:   17:  a=rand() % 26;
call    0 returned 100%
        -:   18:
       11:   19:  for(i=0; i<10; i++) {
branch  0 taken 91%
branch  1 taken 9% (fallthrough)
       10:   20:  checkCost=getCost(a);
call    0 returned 100%
        -:   21:
       10:   22:  if(checkCost==costs[a]) {
branch  0 taken 100% (fallthrough)
branch  1 taken 0%
       10:   23:    printf("Test successful\n");
call    0 returned 100%
        -:   24:  }
        -:   25:  else {
    #####:   26:    printf("Test failed\n");
call    0 never executed
        -:   27:  }
        -:   28:}
        -:   29:
        1:   30:  return 0;
        -:   31:}
